GROUP,PACKAGE,CLASS,INSTRUCTION_MISSED,INSTRUCTION_COVERED,BRANCH_MISSED,BRANCH_COVERED,LINE_MISSED,LINE_COVERED,COMPLEXITY_MISSED,COMPLEXITY_COVERED,METHOD_MISSED,METHOD_COVERED
auth-service,com.smartcourier.auth.config,SecurityConfig,0,68,0,0,0,16,0,6,0,6
auth-service,com.smartcourier.auth.config,OpenApiConfig,0,31,0,0,0,7,0,3,0,3
auth-service,com.smartcourier.auth.service,AuthService,21,116,4,6,3,26,5,4,1,3
auth-service,com.smartcourier.auth.exception,GlobalExceptionHandler,0,39,0,0,0,9,0,4,0,4
auth-service,com.smartcourier.auth.controller,AuthController,6,15,0,0,1,2,1,2,1,2
auth-service,com.smartcourier.auth,AuthServiceApplication,5,3,0,0,2,1,1,1,1,1
auth-service,com.smartcourier.auth.util,JwtUtil,0,47,0,0,0,12,0,5,0,5
