GROUP,PACKAGE,CLASS,INSTRUCTION_MISSED,INSTRUCTION_COVERED,BRANCH_MISSED,BRANCH_COVERED,LINE_MISSED,LINE_COVERED,COMPLEXITY_MISSED,COMPLEXITY_COVERED,METHOD_MISSED,METHOD_COVERED
admin-service,com.smartcourier.admin.controller,AdminController,10,0,0,0,1,0,1,0,1,0
admin-service,com.smartcourier.admin.service,AdminService,8,27,0,0,2,6,1,2,1,2
admin-service,com.smartcourier.admin,AdminServiceApplication,5,3,0,0,2,1,1,1,1,1
admin-service,com.smartcourier.admin.config,RoleHeaderFilter,40,3,6,0,9,1,4,1,1,1
admin-service,com.smartcourier.admin.config,SecurityConfig,0,87,0,0,0,17,0,5,0,5
admin-service,com.smartcourier.admin.config,OpenApiConfig,0,31,0,0,0,7,0,3,0,3
admin-service,com.smartcourier.admin.exception,GlobalExceptionHandler,0,39,0,0,0,9,0,4,0,4
admin-service,com.smartcourier.admin.messaging,ClaimEventProducer,0,26,0,0,0,7,0,2,0,2
admin-service,com.smartcourier.admin.messaging,RabbitMQConfig,0,36,0,0,0,8,0,6,0,6
