GROUP,PACKAGE,CLASS,INSTRUCTION_MISSED,INSTRUCTION_COVERED,BRANCH_MISSED,BRANCH_COVERED,LINE_MISSED,LINE_COVERED,COMPLEXITY_MISSED,COMPLEXITY_COVERED,METHOD_MISSED,METHOD_COVERED
policy-service,com.smartcourier.policy.controller,PolicyController,0,26,0,0,0,3,0,3,0,3
policy-service,com.smartcourier.policy,PolicyServiceApplication,5,3,0,0,2,1,1,1,1,1
policy-service,com.smartcourier.policy.service,PolicyService,13,90,1,1,0,23,3,5,2,5
policy-service,com.smartcourier.policy.config,SecurityConfig,0,128,0,0,0,20,0,5,0,5
policy-service,com.smartcourier.policy.config,OpenApiConfig,0,31,0,0,0,7,0,3,0,3
policy-service,com.smartcourier.policy.config,RoleHeaderFilter,40,3,6,0,9,1,4,1,1,1
policy-service,com.smartcourier.policy.exception,GlobalExceptionHandler,0,39,0,0,0,9,0,4,0,4
